<?xml version="1.0" encoding="UTF-8"?>
<!-- Generated by org.testng.reporters.JUnitReportReporter -->
<testsuite hostname="win2019" failures="0" tests="3" name="com.launchbrowser.AllBrowsers" time="21.442" errors="0" timestamp="2024-08-20T01:36:55 PDT" skipped="0">
  <testcase classname="com.launchbrowser.AllBrowsers" name="ChromeBrowserLaunch" time="6.227"/>
  <system-out/>
  <testcase classname="com.launchbrowser.AllBrowsers" name="EdgeBrowserLaunch" time="7.067"/>
  <system-out/>
  <testcase classname="com.launchbrowser.AllBrowsers" name="FirefoxBrowserLaunch" time="8.148"/>
  <system-out/>
</testsuite> <!-- com.launchbrowser.AllBrowsers -->
